#                                                                            --- full sequence --- -------------- this domain -------------   hmm coord   ali coord   env coord
# target name        accession   tlen query name           accession   qlen   E-value  score  bias   #  of  c-Evalue  i-Evalue  score  bias  from    to  from    to  from    to  acc description of target
#------------------- ---------- ----- -------------------- ---------- ----- --------- ------ ----- --- --- --------- --------- ------ ----- ----- ----- ----- ----- ----- ----- ---- ---------------------
GPALLIND_005728-T1   -           1501 SPRY                 PF00622.28   120   3.6e-40  137.2   0.4   1   2   5.5e-20   3.8e-18   66.1   0.2     1   119   729   859   729   860 0.90 GPALLIND_005728
GPALLIND_005728-T1   -           1501 SPRY                 PF00622.28   120   3.6e-40  137.2   0.4   2   2   8.1e-21   5.6e-19   68.8   0.0     1   119  1151  1270  1151  1271 0.96 GPALLIND_005728
GPALLIND_009441-T1   -            417 SPRY                 PF00622.28   120   4.6e-38  130.4   0.0   1   2   2.7e-19   1.8e-17   63.9   0.0     3   119   101   225    99   226 0.86 GPALLIND_009441
GPALLIND_009441-T1   -            417 SPRY                 PF00622.28   120   4.6e-38  130.4   0.0   2   2   1.8e-19   1.3e-17   64.4   0.0     3   118   287   410   285   412 0.81 GPALLIND_009441
GPALLIND_015104-T1   -            590 SPRY                 PF00622.28   120   5.6e-36  123.6   0.1   1   2     6e-17   4.1e-15   56.3   0.0     1   119   253   381   253   382 0.84 GPALLIND_015104
GPALLIND_015104-T1   -            590 SPRY                 PF00622.28   120   5.6e-36  123.6   0.1   2   2   1.2e-19     8e-18   65.0   0.0     2   118   453   577   452   579 0.85 GPALLIND_015104
GPALLIND_007039-T1   -            437 SPRY                 PF00622.28   120   8.6e-34  116.6   0.0   1   2   1.6e-16   1.1e-14   54.9   0.0     3   119   100   224    98   225 0.82 GPALLIND_007039
GPALLIND_007039-T1   -            437 SPRY                 PF00622.28   120   8.6e-34  116.6   0.0   2   2   5.9e-18   4.1e-16   59.5   0.0     3   118   307   430   306   432 0.84 GPALLIND_007039
GPALLIND_002839-T1   -            421 SPRY                 PF00622.28   120   5.9e-31  107.4   0.2   1   2   1.3e-18   8.9e-17   61.7   0.0     1   119   101   227   101   228 0.84 GPALLIND_002839
GPALLIND_002839-T1   -            421 SPRY                 PF00622.28   120   5.9e-31  107.4   0.2   2   2   4.6e-13   3.1e-11   43.8   0.1     1   116   283   412   283   415 0.78 GPALLIND_002839
GPALLIND_007346-T1   -            491 SPRY                 PF00622.28   120   3.9e-30  104.8   0.7   1   2   2.3e-15   1.6e-13   51.2   0.1     1   118   137   264   137   266 0.79 GPALLIND_007346
GPALLIND_007346-T1   -            491 SPRY                 PF00622.28   120   3.9e-30  104.8   0.7   2   2   1.1e-15   7.6e-14   52.2   0.0     2   118   355   475   354   477 0.85 GPALLIND_007346
GPALLIND_014954-T1   -            651 SPRY                 PF00622.28   120   1.7e-29  102.7   0.6   1   2   3.4e-14   2.4e-12   47.4   0.1     1   118   262   386   262   388 0.80 GPALLIND_014954
GPALLIND_014954-T1   -            651 SPRY                 PF00622.28   120   1.7e-29  102.7   0.6   2   2   5.2e-16   3.6e-14   53.2   0.0     1   118   510   639   510   641 0.81 GPALLIND_014954
GPALLIND_021877-T1   -            490 SPRY                 PF00622.28   120   2.2e-29  102.3   0.3   1   2   3.6e-15   2.5e-13   50.5   0.1     2   118   139   262   138   264 0.83 GPALLIND_021877
GPALLIND_021877-T1   -            490 SPRY                 PF00622.28   120   2.2e-29  102.3   0.3   2   2   5.7e-15   3.9e-13   49.9   0.0     2   118   356   475   355   477 0.77 GPALLIND_021877
GPALLIND_003407-T1   -            689 SPRY                 PF00622.28   120   1.8e-28   99.4   2.1   1   2     8e-17   5.5e-15   55.9   0.1     1   118    77   202    77   204 0.81 GPALLIND_003407
GPALLIND_003407-T1   -            689 SPRY                 PF00622.28   120   1.8e-28   99.4   2.1   2   2   9.2e-13   6.3e-11   42.8   0.1     1   107   296   409   296   420 0.77 GPALLIND_003407
GPALLIND_019321-T1   -            584 SPRY                 PF00622.28   120   1.2e-24   87.0   0.0   1   2   7.1e-14   4.9e-12   46.4   0.0     3   119   110   231   108   232 0.84 GPALLIND_019321
GPALLIND_019321-T1   -            584 SPRY                 PF00622.28   120   1.2e-24   87.0   0.0   2   2   2.7e-11   1.9e-09   38.0   0.0     3    90   289   383   287   403 0.76 GPALLIND_019321
GPALLIND_010573-T1   -            858 SPRY                 PF00622.28   120     2e-23   83.1   0.6   1   1   5.4e-25   3.7e-23   82.3   0.6     2   119   154   273   153   274 0.95 GPALLIND_010573
GPALLIND_015795-T1   -            354 SPRY                 PF00622.28   120   3.3e-21   76.0   1.5   1   1   3.7e-18   2.5e-16   60.2   0.1     1   118    45   170    45   172 0.88 GPALLIND_015795
GPALLIND_015106-T1   -            229 SPRY                 PF00622.28   120   4.8e-21   75.4   0.1   1   1   1.2e-22   7.9e-21   74.7   0.1     3   119   101   227    99   228 0.87 GPALLIND_015106
GPALLIND_018544-T1   -            353 SPRY                 PF00622.28   120   5.4e-21   75.3   0.0   1   1   1.7e-22   1.1e-20   74.2   0.0     3   118   222   346   220   348 0.86 GPALLIND_018544
GPALLIND_004884-T1   -            207 SPRY                 PF00622.28   120   6.7e-21   75.0   0.1   1   1   1.3e-22   8.7e-21   74.6   0.1     2   119    75   196    74   197 0.95 GPALLIND_004884
GPALLIND_022045-T1   -            226 SPRY                 PF00622.28   120   1.2e-20   74.2   0.0   1   1   2.7e-22   1.9e-20   73.5   0.0     2   119    92   216    91   217 0.86 GPALLIND_022045
GPALLIND_001927-T1   -            252 SPRY                 PF00622.28   120   1.3e-20   74.0   0.1   1   1   3.5e-22   2.4e-20   73.2   0.1     1   118   121   245   121   247 0.90 GPALLIND_001927
GPALLIND_020944-T1   -            144 SPRY                 PF00622.28   120   1.5e-20   73.8   0.0   1   1   2.6e-22   1.8e-20   73.6   0.0     2   118     9   133     8   135 0.88 GPALLIND_020944
GPALLIND_019322-T1   -            468 SPRY                 PF00622.28   120   1.8e-20   73.6   0.0   1   1   5.1e-22   3.5e-20   72.6   0.0     2   119   332   456   331   457 0.90 GPALLIND_019322
GPALLIND_014066-T1   -            707 SPRY                 PF00622.28   120   2.2e-20   73.3   0.0   1   1   5.2e-22   3.6e-20   72.6   0.0     1   119   127   239   127   240 0.94 GPALLIND_014066
GPALLIND_002830-T1   -            141 SPRY                 PF00622.28   120   2.3e-20   73.2   0.0   1   1   4.9e-22   3.4e-20   72.7   0.0     1   119     8   135     8   136 0.86 GPALLIND_002830
GPALLIND_014662-T1   -            480 SPRY                 PF00622.28   120   2.9e-20   72.9   0.2   1   1   6.9e-22   4.7e-20   72.2   0.2     2   119   344   469   343   470 0.92 GPALLIND_014662
GPALLIND_002826-T1   -            539 SPRY                 PF00622.28   120   3.8e-20   72.5   0.0   1   1   8.8e-22     6e-20   71.9   0.0     2   119   403   527   402   528 0.87 GPALLIND_002826
GPALLIND_009438-T1   -            400 SPRY                 PF00622.28   120     5e-20   72.1   0.1   1   1   1.4e-21   9.3e-20   71.3   0.1     2   119   265   390   264   391 0.80 GPALLIND_009438
GPALLIND_009994-T1   -            459 SPRY                 PF00622.28   120   6.7e-20   71.7   0.0   1   1   2.2e-21   1.5e-19   70.6   0.0     1   118   330   452   330   454 0.88 GPALLIND_009994
GPALLIND_022046-T1   -            393 SPRY                 PF00622.28   120     7e-20   71.7   0.0   1   1   2.2e-21   1.5e-19   70.6   0.0     2   119   260   385   259   386 0.84 GPALLIND_022046
GPALLIND_014998-T1   -            291 SPRY                 PF00622.28   120   9.7e-20   71.2   0.1   1   1   2.6e-21   1.8e-19   70.3   0.1     1   119   150   277   150   278 0.85 GPALLIND_014998
GPALLIND_001147-T1   -            275 SPRY                 PF00622.28   120   1.4e-19   70.7   0.1   1   1   3.1e-21   2.1e-19   70.1   0.1     2   119   140   265   139   266 0.82 GPALLIND_001147
GPALLIND_018245-T1   -            386 SPRY                 PF00622.28   120   1.9e-19   70.3   0.1   1   1   5.6e-21   3.8e-19   69.3   0.0     1   119   249   375   249   376 0.90 GPALLIND_018245
GPALLIND_001876-T1   -            575 SPRY                 PF00622.28   120   2.1e-19   70.2   0.0   1   1     5e-21   3.4e-19   69.4   0.0     1   119   152   274   152   275 0.84 GPALLIND_001876
GPALLIND_014786-T1   -            212 SPRY                 PF00622.28   120   2.1e-19   70.2   0.0   1   1     4e-21   2.8e-19   69.8   0.0     2   118    79   191    78   193 0.89 GPALLIND_014786
GPALLIND_005385-T1   -            353 SPRY                 PF00622.28   120     3e-19   69.6   0.1   1   1   2.1e-16   1.4e-14   54.5   0.0     1   117   223   345   223   348 0.79 GPALLIND_005385
GPALLIND_001974-T1   -            360 SPRY                 PF00622.28   120     3e-19   69.6   0.0   1   1   1.1e-20   7.4e-19   68.4   0.0     1   119   214   348   214   349 0.85 GPALLIND_001974
GPALLIND_001145-T1   -            278 SPRY                 PF00622.28   120     4e-19   69.2   0.1   1   1   8.8e-21     6e-19   68.7   0.1     2   119   143   268   142   269 0.82 GPALLIND_001145
GPALLIND_016497-T1   -            414 SPRY                 PF00622.28   120   5.1e-19   68.9   0.1   1   1   1.6e-20   1.1e-18   67.9   0.1     3   118   283   407   281   409 0.83 GPALLIND_016497
GPALLIND_005437-T1   -            400 SPRY                 PF00622.28   120   5.8e-19   68.7   0.1   1   1   1.3e-20   8.9e-19   68.1   0.1     1   119   279   394   279   395 0.95 GPALLIND_005437
GPALLIND_005434-T1   -            481 SPRY                 PF00622.28   120   5.9e-19   68.7   0.1   1   1   2.2e-20   1.5e-18   67.3   0.1     1   119   350   475   350   476 0.86 GPALLIND_005434
GPALLIND_005437-T2   -            418 SPRY                 PF00622.28   120   6.2e-19   68.6   0.1   1   1   1.4e-20   9.7e-19   68.0   0.1     1   119   297   412   297   413 0.95 GPALLIND_005437
GPALLIND_013264-T1   -            487 SPRY                 PF00622.28   120   7.7e-19   68.3   0.0   1   1   1.7e-20   1.2e-18   67.7   0.0     1   119   353   475   353   476 0.92 GPALLIND_013264
GPALLIND_016455-T1   -            405 SPRY                 PF00622.28   120   7.7e-19   68.3   0.1   1   1   2.5e-20   1.7e-18   67.2   0.1     1   118   274   398   274   400 0.85 GPALLIND_016455
GPALLIND_016486-T1   -            136 SPRY                 PF00622.28   120     8e-19   68.3   0.1   1   1   1.4e-20   9.9e-19   68.0   0.1     3   118     6   129     4   131 0.80 GPALLIND_016486
GPALLIND_009448-T1   -            447 SPRY                 PF00622.28   120   8.1e-19   68.2   0.0   1   1   2.5e-20   1.7e-18   67.2   0.0     2   118   311   435   310   437 0.84 GPALLIND_009448
GPALLIND_016480-T1   -            511 SPRY                 PF00622.28   120     1e-18   67.9   0.0   1   1   4.6e-20   3.1e-18   66.4   0.0     2   117   378   501   377   503 0.81 GPALLIND_016480
GPALLIND_004061-T1   -            197 SPRY                 PF00622.28   120     1e-18   67.9   0.1   1   1   2.5e-20   1.7e-18   67.2   0.1     1   110    75   192    75   197 0.84 GPALLIND_004061
GPALLIND_016491-T1   -            275 SPRY                 PF00622.28   120   1.3e-18   67.6   0.1   1   1   3.1e-20   2.2e-18   66.9   0.1     3   118   145   268   143   270 0.79 GPALLIND_016491
GPALLIND_012802-T1   -            449 SPRY                 PF00622.28   120   1.4e-18   67.5   0.0   1   1   3.5e-20   2.4e-18   66.7   0.0     1   119   317   443   317   444 0.83 GPALLIND_012802
GPALLIND_016483-T1   -            282 SPRY                 PF00622.28   120   1.5e-18   67.4   0.1   1   1   3.2e-20   2.2e-18   66.9   0.1     2   118   152   275   151   277 0.85 GPALLIND_016483
GPALLIND_018215-T1   -            249 SPRY                 PF00622.28   120   1.5e-18   67.3   0.0   1   1   3.1e-20   2.1e-18   66.9   0.0     1   119   116   231   116   232 0.88 GPALLIND_018215
GPALLIND_015103-T1   -            497 SPRY                 PF00622.28   120   1.8e-18   67.1   0.1   1   1   4.3e-20   2.9e-18   66.4   0.1     2   119   361   487   360   488 0.86 GPALLIND_015103
GPALLIND_002845-T1   -            227 SPRY                 PF00622.28   120     2e-18   67.0   0.1   1   1   3.9e-20   2.7e-18   66.6   0.1     1   119    89   216    89   217 0.84 GPALLIND_002845
GPALLIND_010816-T1   -            380 SPRY                 PF00622.28   120   2.1e-18   66.9   0.1   1   1   6.1e-20   4.2e-18   65.9   0.1     1   119   256   374   256   375 0.91 GPALLIND_010816
GPALLIND_016585-T1   -            403 SPRY                 PF00622.28   120   2.6e-18   66.6   0.0   1   1   6.5e-20   4.4e-18   65.9   0.0     2   118   280   396   279   398 0.87 GPALLIND_016585
GPALLIND_016910-T1   -           1022 SPRY                 PF00622.28   120   2.9e-18   66.4   0.0   1   1   1.1e-19   7.7e-18   65.1   0.0     1   116   222   345   222   349 0.83 GPALLIND_016910
GPALLIND_002846-T1   -            198 SPRY                 PF00622.28   120     3e-18   66.4   0.1   1   1   5.7e-20   3.9e-18   66.0   0.1     1   118    54   184    54   186 0.85 GPALLIND_002846
GPALLIND_015845-T1   -            312 SPRY                 PF00622.28   120   3.1e-18   66.4   0.1   1   1   7.8e-20   5.4e-18   65.6   0.1     3   119   179   304   177   305 0.83 GPALLIND_015845
GPALLIND_003333-T1   -            324 SPRY                 PF00622.28   120   3.3e-18   66.3   0.1   1   1   6.9e-20   4.7e-18   65.8   0.1     1   119   190   305   190   306 0.89 GPALLIND_003333
GPALLIND_016496-T1   -            421 SPRY                 PF00622.28   120   3.4e-18   66.2   0.6   1   1   1.1e-19   7.9e-18   65.1   0.0     3   109   279   393   277   404 0.89 GPALLIND_016496
GPALLIND_010039-T1   -            278 SPRY                 PF00622.28   120   3.9e-18   66.1   0.2   1   1   1.2e-19   8.4e-18   65.0   0.2     1   119   142   267   142   268 0.82 GPALLIND_010039
GPALLIND_015790-T1   -            531 SPRY                 PF00622.28   120   4.1e-18   66.0   0.1   1   1   1.2e-19   8.1e-18   65.0   0.1     2   118   405   524   404   526 0.85 GPALLIND_015790
GPALLIND_005442-T1   -            387 SPRY                 PF00622.28   120   4.3e-18   65.9   0.1   1   1   1.3e-19   8.9e-18   64.9   0.1     1   119   263   381   263   382 0.91 GPALLIND_005442
GPALLIND_010041-T1   -            342 SPRY                 PF00622.28   120   4.5e-18   65.9   0.0   1   1     1e-19     7e-18   65.2   0.0     1   119   203   318   203   319 0.89 GPALLIND_010041
GPALLIND_001589-T1   -            238 SPRY                 PF00622.28   120   4.5e-18   65.8   0.0   1   1   9.4e-20   6.4e-18   65.3   0.0     1   119   102   228   102   229 0.84 GPALLIND_001589
GPALLIND_012797-T1   -            431 SPRY                 PF00622.28   120   4.8e-18   65.7   0.1   1   1   1.1e-19   7.5e-18   65.1   0.1     1   118   295   419   295   421 0.86 GPALLIND_012797
GPALLIND_016479-T1   -            454 SPRY                 PF00622.28   120   5.2e-18   65.6   0.7   1   1   1.8e-19   1.2e-17   64.4   0.3     2   119   323   444   322   445 0.82 GPALLIND_016479
GPALLIND_019917-T1   -            331 SPRY                 PF00622.28   120   5.3e-18   65.6   0.1   1   1     4e-19   2.8e-17   63.3   0.0     2   119   205   321   204   322 0.86 GPALLIND_019917
GPALLIND_002825-T1   -            396 SPRY                 PF00622.28   120   5.4e-18   65.6   0.2   1   1   6.1e-19   4.2e-17   62.7   0.0     2   119   260   386   259   387 0.80 GPALLIND_002825
GPALLIND_021287-T1   -            197 SPRY                 PF00622.28   120   5.7e-18   65.5   0.1   1   1   1.1e-19   7.4e-18   65.1   0.1     1   118    54   183    54   185 0.86 GPALLIND_021287
GPALLIND_015523-T1   -            463 SPRY                 PF00622.28   120   5.8e-18   65.5   0.2   1   1   2.1e-19   1.5e-17   64.2   0.1     1   119   326   452   326   453 0.79 GPALLIND_015523
GPALLIND_001858-T1   -            268 SPRY                 PF00622.28   120   6.9e-18   65.2   0.1   1   1     2e-19   1.4e-17   64.3   0.1     1   119   137   262   137   263 0.83 GPALLIND_001858
GPALLIND_001794-T1   -            188 SPRY                 PF00622.28   120   7.1e-18   65.2   0.0   1   1   1.4e-19   9.7e-18   64.8   0.0     1   118    56   181    56   182 0.90 GPALLIND_001794
GPALLIND_001856-T1   -            447 SPRY                 PF00622.28   120   7.2e-18   65.2   0.1   1   1   1.6e-19   1.1e-17   64.6   0.1     1   118   309   435   309   437 0.87 GPALLIND_001856
GPALLIND_018461-T1   -            382 SPRY                 PF00622.28   120     8e-18   65.0   0.0   1   1   2.6e-19   1.8e-17   63.9   0.0     1   119   253   373   253   374 0.88 GPALLIND_018461
GPALLIND_020263-T1   -            199 SPRY                 PF00622.28   120   8.5e-18   64.9   0.0   1   1   1.8e-19   1.2e-17   64.5   0.0     2   113    69   188    68   194 0.90 GPALLIND_020263
GPALLIND_009442-T1   -            237 SPRY                 PF00622.28   120   9.5e-18   64.8   0.0   1   1   1.9e-19   1.3e-17   64.4   0.0     3   118   106   229   104   231 0.90 GPALLIND_009442
GPALLIND_016494-T1   -            399 SPRY                 PF00622.28   120   9.8e-18   64.7   0.0   1   1   3.3e-19   2.2e-17   63.6   0.0     3   115   267   387   265   394 0.81 GPALLIND_016494
GPALLIND_015780-T1   -            693 SPRY                 PF00622.28   120     1e-17   64.7   0.2   1   1   3.6e-19   2.4e-17   63.5   0.2     1   118   561   686   561   688 0.89 GPALLIND_015780
GPALLIND_015420-T1   -            250 SPRY                 PF00622.28   120     1e-17   64.7   0.0   1   1   2.1e-19   1.4e-17   64.2   0.0     2   118    86   204    85   206 0.93 GPALLIND_015420
GPALLIND_002853-T1   -            220 SPRY                 PF00622.28   120   1.1e-17   64.6   0.3   1   1   2.2e-18   1.5e-16   60.9   0.3     1   118    77   215    77   217 0.85 GPALLIND_002853
GPALLIND_019401-T1   -            449 SPRY                 PF00622.28   120   1.1e-17   64.6   0.2   1   1   3.7e-19   2.6e-17   63.4   0.2     1   119   317   443   317   444 0.82 GPALLIND_019401
GPALLIND_001830-T1   -            408 SPRY                 PF00622.28   120   1.2e-17   64.4   0.0   1   1     3e-19   2.1e-17   63.7   0.0     2   119   273   398   272   399 0.85 GPALLIND_001830
GPALLIND_019463-T1   -            219 SPRY                 PF00622.28   120   1.3e-17   64.4   0.1   1   1   2.6e-19   1.8e-17   63.9   0.1     1   118    87   211    87   213 0.87 GPALLIND_019463
GPALLIND_016481-T1   -            477 SPRY                 PF00622.28   120   1.4e-17   64.3   0.0   1   1   4.5e-19   3.1e-17   63.1   0.0     1   119   333   459   333   460 0.78 GPALLIND_016481
GPALLIND_014995-T1   -            422 SPRY                 PF00622.28   120   1.6e-17   64.0   0.1   1   1   3.7e-19   2.6e-17   63.4   0.1     2   119   286   410   285   411 0.88 GPALLIND_014995
GPALLIND_002843-T1   -            210 SPRY                 PF00622.28   120   1.7e-17   64.0   0.1   1   1   3.2e-19   2.2e-17   63.6   0.1     2   120    74   199    73   199 0.82 GPALLIND_002843
GPALLIND_014973-T1   -            244 SPRY                 PF00622.28   120   1.8e-17   63.9   0.0   1   1   3.7e-19   2.5e-17   63.4   0.0     1   118   108   233   108   235 0.83 GPALLIND_014973
GPALLIND_009160-T1   -            458 SPRY                 PF00622.28   120   1.8e-17   63.9   0.0   1   1   4.2e-19   2.9e-17   63.2   0.0     1   118   324   451   324   453 0.79 GPALLIND_009160
GPALLIND_005729-T1   -           4124 SPRY                 PF00622.28   120   1.9e-17   63.8   0.0   1   1   5.4e-19   3.7e-17   62.9   0.0     2   118   192   328   191   330 0.91 GPALLIND_005729
GPALLIND_016595-T1   -            419 SPRY                 PF00622.28   120   1.9e-17   63.8   0.0   1   1   6.4e-19   4.4e-17   62.7   0.0     1   119   284   409   284   410 0.86 GPALLIND_016595
GPALLIND_001864-T1   -            357 SPRY                 PF00622.28   120   1.9e-17   63.8   0.3   1   1   6.4e-19   4.4e-17   62.7   0.3     1   119   236   351   236   352 0.91 GPALLIND_001864
GPALLIND_005433-T1   -            445 SPRY                 PF00622.28   120   2.1e-17   63.7   0.1   1   1   5.4e-19   3.7e-17   62.9   0.1     2   119   306   433   305   434 0.84 GPALLIND_005433
GPALLIND_004900-T1   -            417 SPRY                 PF00622.28   120   2.5e-17   63.5   0.2   1   1   7.8e-19   5.4e-17   62.4   0.2     1   118   274   399   274   401 0.87 GPALLIND_004900
GPALLIND_020923-T1   -            334 SPRY                 PF00622.28   120   2.7e-17   63.3   0.3   1   1   1.8e-18   1.2e-16   61.2   0.2     2   119   194   321   193   322 0.82 GPALLIND_020923
GPALLIND_016682-T1   -            447 SPRY                 PF00622.28   120   2.9e-17   63.2   0.2   1   1   9.1e-19   6.2e-17   62.2   0.2     1   118   316   440   316   442 0.83 GPALLIND_016682
GPALLIND_001848-T1   -            449 SPRY                 PF00622.28   120   2.9e-17   63.2   0.1   1   1   6.8e-19   4.6e-17   62.6   0.1     1   119   309   436   309   437 0.87 GPALLIND_001848
GPALLIND_010743-T1   -            432 SPRY                 PF00622.28   120   3.2e-17   63.1   0.0   1   1     7e-19   4.8e-17   62.5   0.0     1   119   311   426   311   427 0.89 GPALLIND_010743
GPALLIND_016512-T1   -            227 SPRY                 PF00622.28   120   4.2e-17   62.7   0.1   1   1     1e-18   7.1e-17   62.0   0.1     3   118    98   220    96   222 0.84 GPALLIND_016512
GPALLIND_012552-T1   -            444 SPRY                 PF00622.28   120   4.5e-17   62.6   0.1   1   1   1.2e-18   8.3e-17   61.7   0.1     1   119   307   433   307   434 0.90 GPALLIND_012552
GPALLIND_020258-T1   -            452 SPRY                 PF00622.28   120   4.7e-17   62.6   0.0   1   1   1.2e-18     8e-17   61.8   0.0     2   112   281   399   280   406 0.90 GPALLIND_020258
GPALLIND_014943-T1   -            728 SPRY                 PF00622.28   120   5.1e-17   62.4   0.0   1   1   1.6e-18   1.1e-16   61.3   0.0     3   119   594   718   592   719 0.79 GPALLIND_014943
GPALLIND_021415-T1   -            496 SPRY                 PF00622.28   120   5.1e-17   62.4   0.2   1   1     2e-18   1.4e-16   61.0   0.2     1   119   359   485   359   486 0.79 GPALLIND_021415
GPALLIND_017548-T1   -            275 SPRY                 PF00622.28   120   5.5e-17   62.3   0.0   1   1   1.5e-18     1e-16   61.5   0.0     1   119   143   258   143   259 0.88 GPALLIND_017548
GPALLIND_010812-T1   -            500 SPRY                 PF00622.28   120   5.8e-17   62.3   1.5   1   1   1.6e-18   1.1e-16   61.3   0.3     1   119   368   494   368   495 0.86 GPALLIND_010812
GPALLIND_016465-T1   -            444 SPRY                 PF00622.28   120     6e-17   62.2   0.1   1   1   1.9e-18   1.3e-16   61.1   0.1     2   119   313   434   312   435 0.88 GPALLIND_016465
GPALLIND_019400-T1   -            301 SPRY                 PF00622.28   120     6e-17   62.2   0.1   1   1   1.5e-18     1e-16   61.4   0.1     2   119   165   288   164   289 0.90 GPALLIND_019400
GPALLIND_002726-T1   -            146 SPRY                 PF00622.28   120   6.4e-17   62.1   0.1   1   1   1.1e-18   7.5e-17   61.9   0.1     2   118    17   135    16   137 0.93 GPALLIND_002726
GPALLIND_004550-T1   -            717 SPRY                 PF00622.28   120   8.8e-17   61.7   0.0   1   1   2.5e-18   1.7e-16   60.7   0.0     1   119   582   707   582   708 0.88 GPALLIND_004550
GPALLIND_016996-T1   -            256 SPRY                 PF00622.28   120   9.9e-17   61.5   0.3   1   1   2.5e-18   1.7e-16   60.7   0.0     1   118   120   244   120   246 0.82 GPALLIND_016996
GPALLIND_019893-T1   -            300 SPRY                 PF00622.28   120   1.1e-16   61.3   0.1   1   1   3.2e-18   2.2e-16   60.4   0.1     2   119   166   294   165   295 0.88 GPALLIND_019893
GPALLIND_012977-T1   -            345 SPRY                 PF00622.28   120   1.2e-16   61.2   0.0   1   1   3.7e-18   2.5e-16   60.2   0.0     2   118   214   338   213   340 0.81 GPALLIND_012977
GPALLIND_018581-T1   -            474 SPRY                 PF00622.28   120   1.3e-16   61.2   0.2   1   1   1.8e-18   1.3e-16   61.2   0.2     2   120   331   456   330   456 0.90 GPALLIND_018581
GPALLIND_019319-T1   -            378 SPRY                 PF00622.28   120   1.3e-16   61.1   0.2   1   1   3.2e-18   2.2e-16   60.4   0.2     2   118   243   367   242   369 0.81 GPALLIND_019319
GPALLIND_018453-T1   -            374 SPRY                 PF00622.28   120   1.4e-16   61.0   0.0   1   1   5.1e-18   3.5e-16   59.7   0.0     1   119   237   362   237   363 0.81 GPALLIND_018453
GPALLIND_022418-T1   -            241 SPRY                 PF00622.28   120   1.4e-16   61.0   0.0   1   1     3e-18     2e-16   60.5   0.0     1   119   100   228   100   229 0.81 GPALLIND_022418
GPALLIND_001146-T1   -            521 SPRY                 PF00622.28   120   1.5e-16   60.9   0.0   1   1   6.2e-18   4.3e-16   59.5   0.0     1   119   394   511   394   512 0.86 GPALLIND_001146
GPALLIND_001774-T1   -            571 SPRY                 PF00622.28   120   1.7e-16   60.8   0.1   1   1   6.2e-18   4.2e-16   59.5   0.1     1   119   435   564   435   565 0.84 GPALLIND_001774
GPALLIND_019871-T1   -            584 SPRY                 PF00622.28   120   1.7e-16   60.8   0.0   1   1   5.6e-18   3.9e-16   59.6   0.0     1   119   454   578   454   579 0.82 GPALLIND_019871
GPALLIND_001853-T1   -            330 SPRY                 PF00622.28   120   1.8e-16   60.7   0.1   1   1   5.3e-18   3.6e-16   59.7   0.1     1   119   195   321   195   322 0.79 GPALLIND_001853
GPALLIND_003508-T1   -            459 SPRY                 PF00622.28   120   1.9e-16   60.6   0.1   1   1   4.8e-18   3.3e-16   59.8   0.1     1   119   323   449   323   450 0.87 GPALLIND_003508
GPALLIND_016472-T1   -            303 SPRY                 PF00622.28   120     2e-16   60.5   0.1   1   1   4.6e-18   3.2e-16   59.9   0.1     2   119   172   293   171   294 0.89 GPALLIND_016472
GPALLIND_019394-T1   -            650 SPRY                 PF00622.28   120     2e-16   60.5   0.0   1   1   5.6e-18   3.9e-16   59.6   0.0     1   119   519   644   519   645 0.79 GPALLIND_019394
GPALLIND_009452-T1   -            580 SPRY                 PF00622.28   120   2.2e-16   60.4   0.0   1   1   6.2e-18   4.3e-16   59.5   0.0     3   118   448   571   446   573 0.85 GPALLIND_009452
GPALLIND_003175-T1   -            225 SPRY                 PF00622.28   120   2.3e-16   60.4   0.1   1   1   6.1e-18   4.2e-16   59.5   0.1     1   119    93   218    93   219 0.80 GPALLIND_003175
GPALLIND_010819-T1   -            370 SPRY                 PF00622.28   120   2.5e-16   60.2   1.4   1   1   1.5e-17     1e-15   58.2   0.0     1   119   228   364   228   365 0.78 GPALLIND_010819
GPALLIND_019310-T1   -            433 SPRY                 PF00622.28   120   2.6e-16   60.2   0.0   1   1   7.3e-18     5e-16   59.2   0.0     2   118   298   422   297   424 0.82 GPALLIND_019310
GPALLIND_018503-T1   -            339 SPRY                 PF00622.28   120   3.1e-16   59.9   0.0   1   1   8.2e-18   5.6e-16   59.1   0.0     3   113   210   329   208   334 0.82 GPALLIND_018503
GPALLIND_011154-T1   -            407 SPRY                 PF00622.28   120   3.2e-16   59.9   0.1   1   1   8.3e-18   5.7e-16   59.1   0.1     1   119   273   401   273   402 0.86 GPALLIND_011154
GPALLIND_012976-T1   -            359 SPRY                 PF00622.28   120   3.3e-16   59.8   0.1   1   1     1e-17   6.9e-16   58.8   0.1     3   119   225   349   223   350 0.88 GPALLIND_012976
GPALLIND_010990-T1   -            373 SPRY                 PF00622.28   120   3.3e-16   59.8   0.1   1   1     9e-18   6.2e-16   58.9   0.1     2   119   242   363   241   364 0.89 GPALLIND_010990
GPALLIND_007275-T1   -            246 SPRY                 PF00622.28   120   3.6e-16   59.7   0.0   1   1   9.6e-18   6.6e-16   58.9   0.0     1   119   116   234   116   235 0.86 GPALLIND_007275
GPALLIND_016470-T1   -            337 SPRY                 PF00622.28   120   3.6e-16   59.7   0.0   1   1   1.2e-17   8.3e-16   58.5   0.0     3   118   207   330   205   332 0.83 GPALLIND_016470
GPALLIND_016506-T1   -            562 SPRY                 PF00622.28   120   3.7e-16   59.7   0.0   1   1   1.2e-17   8.3e-16   58.5   0.0     3   118   432   556   430   557 0.83 GPALLIND_016506
GPALLIND_018449-T1   -            401 SPRY                 PF00622.28   120   4.3e-16   59.5   0.0   1   1   1.5e-17     1e-15   58.3   0.0     3   119   280   393   278   394 0.92 GPALLIND_018449
GPALLIND_003466-T1   -            298 SPRY                 PF00622.28   120   4.3e-16   59.4   0.0   1   1     1e-17     7e-16   58.8   0.0     1   118   168   287   168   289 0.86 GPALLIND_003466
GPALLIND_016484-T1   -            337 SPRY                 PF00622.28   120   4.4e-16   59.4   0.0   1   1   1.2e-17     8e-16   58.6   0.0     3   119   203   327   201   328 0.80 GPALLIND_016484
GPALLIND_018452-T1   -            542 SPRY                 PF00622.28   120   4.5e-16   59.4   0.0   1   1   1.5e-17     1e-15   58.2   0.0     3   118   414   531   412   533 0.88 GPALLIND_018452
GPALLIND_001144-T1   -            300 SPRY                 PF00622.28   120   4.6e-16   59.4   0.1   1   1   9.9e-18   6.8e-16   58.8   0.1     1   119   164   290   164   291 0.87 GPALLIND_001144
GPALLIND_006819-T1   -            637 SPRY                 PF00622.28   120   4.7e-16   59.3   0.0   1   1   1.6e-17   1.1e-15   58.2   0.0     1   117   501   625   501   627 0.89 GPALLIND_006819
GPALLIND_013816-T1   -            258 SPRY                 PF00622.28   120   4.8e-16   59.3   0.2   1   1   9.9e-18   6.8e-16   58.8   0.2     1   120   131   245   131   245 0.90 GPALLIND_013816
GPALLIND_001796-T1   -            432 SPRY                 PF00622.28   120     5e-16   59.2   0.0   1   1   7.3e-18     5e-16   59.2   0.0     1   119   298   425   298   426 0.80 GPALLIND_001796
GPALLIND_005309-T1   -            441 SPRY                 PF00622.28   120   6.2e-16   58.9   0.6   1   1   3.4e-17   2.3e-15   57.1   0.1     1   118   310   434   310   436 0.84 GPALLIND_005309
GPALLIND_020023-T1   -            362 SPRY                 PF00622.28   120     7e-16   58.8   1.4   1   1   1.6e-12   1.1e-10   42.0   0.3    19   119   230   352   222   353 0.68 GPALLIND_020023
GPALLIND_007311-T1   -            368 SPRY                 PF00622.28   120   7.1e-16   58.7   0.0   1   1     2e-17   1.3e-15   57.9   0.0     1   118   232   357   232   359 0.77 GPALLIND_007311
GPALLIND_016519-T1   -            231 SPRY                 PF00622.28   120   7.5e-16   58.7   0.0   1   1   1.7e-17   1.1e-15   58.1   0.0     3   119    94   221    92   222 0.81 GPALLIND_016519
GPALLIND_005343-T1   -            519 SPRY                 PF00622.28   120   7.7e-16   58.6   1.7   1   1   1.3e-17   9.2e-16   58.4   0.2     1   119   384   509   384   510 0.84 GPALLIND_005343
GPALLIND_015694-T1   -            259 SPRY                 PF00622.28   120   8.2e-16   58.5   0.0   1   1   7.7e-17   5.3e-15   55.9   0.0     1   118   119   246   119   248 0.89 GPALLIND_015694
GPALLIND_020741-T1   -            447 SPRY                 PF00622.28   120   8.4e-16   58.5   0.0   1   1   2.8e-17     2e-15   57.3   0.0     2   118   308   440   307   442 0.81 GPALLIND_020741
GPALLIND_013719-T1   -            433 SPRY                 PF00622.28   120   8.4e-16   58.5   0.0   1   1   2.1e-17   1.4e-15   57.8   0.0     1   119   303   423   303   424 0.83 GPALLIND_013719
GPALLIND_016476-T1   -            318 SPRY                 PF00622.28   120   8.7e-16   58.5   0.0   1   1   2.5e-17   1.7e-15   57.5   0.0     2   119   182   308   181   309 0.83 GPALLIND_016476
GPALLIND_015272-T1   -            361 SPRY                 PF00622.28   120   9.2e-16   58.4   0.1   1   1     4e-17   2.7e-15   56.9   0.1     1   119   214   351   214   352 0.81 GPALLIND_015272
GPALLIND_013254-T1   -            266 SPRY                 PF00622.28   120   9.6e-16   58.3   0.0   1   1   2.5e-17   1.7e-15   57.5   0.0     1   119   134   259   134   260 0.88 GPALLIND_013254
GPALLIND_011152-T1   -            553 SPRY                 PF00622.28   120   9.7e-16   58.3   0.1   1   1   2.8e-17   1.9e-15   57.4   0.1     1   118   425   546   425   548 0.85 GPALLIND_011152
GPALLIND_016974-T1   -            303 SPRY                 PF00622.28   120   9.9e-16   58.3   0.0   1   1   2.3e-17   1.6e-15   57.6   0.0     2   119   158   285   157   286 0.80 GPALLIND_016974
GPALLIND_002686-T1   -            287 SPRY                 PF00622.28   120     1e-15   58.3   0.0   1   1   3.1e-17   2.1e-15   57.2   0.0     3   113   152   272   150   278 0.84 GPALLIND_002686
GPALLIND_005419-T1   -            350 SPRY                 PF00622.28   120     1e-15   58.2   0.1   1   1     4e-13   2.7e-11   44.0   0.0    57   119   276   339   268   340 0.94 GPALLIND_005419
GPALLIND_002685-T1   -            289 SPRY                 PF00622.28   120   1.2e-15   58.0   0.0   1   1   5.3e-17   3.6e-15   56.5   0.0     4   119   156   279   154   280 0.75 GPALLIND_002685
GPALLIND_006820-T1   -            301 SPRY                 PF00622.28   120   1.3e-15   57.9   0.0   1   1   3.9e-17   2.7e-15   56.9   0.0     1   118   168   294   168   296 0.84 GPALLIND_006820
GPALLIND_018508-T1   -            241 SPRY                 PF00622.28   120   1.4e-15   57.8   0.1   1   1   3.4e-17   2.4e-15   57.1   0.1     1   118   115   234   115   236 0.85 GPALLIND_018508
GPALLIND_009984-T1   -            278 SPRY                 PF00622.28   120   1.4e-15   57.8   0.1   1   1   2.9e-17     2e-15   57.3   0.1     1   119   140   267   140   268 0.89 GPALLIND_009984
GPALLIND_020247-T1   -            468 SPRY                 PF00622.28   120   1.4e-15   57.8   0.1   1   1   4.3e-17     3e-15   56.7   0.1     1   119   332   459   332   460 0.82 GPALLIND_020247
GPALLIND_001975-T1   -            114 SPRY                 PF00622.28   120   1.5e-15   57.7   0.0   1   1   2.4e-17   1.7e-15   57.5   0.0    15   119     1   104     1   105 0.94 GPALLIND_001975
GPALLIND_016487-T1   -            342 SPRY                 PF00622.28   120   1.5e-15   57.7   0.0   1   1   4.1e-17   2.8e-15   56.8   0.0     3   119   207   332   205   333 0.84 GPALLIND_016487
GPALLIND_003477-T1   -            253 SPRY                 PF00622.28   120   1.5e-15   57.7   0.1   1   1   3.9e-17   2.7e-15   56.9   0.1     1   119   112   235   112   236 0.81 GPALLIND_003477
GPALLIND_017859-T1   -            347 SPRY                 PF00622.28   120   1.6e-15   57.6   0.1   1   1   2.4e-17   1.6e-15   57.6   0.1     1   118   206   326   206   328 0.83 GPALLIND_017859
GPALLIND_015081-T1   -            328 SPRY                 PF00622.28   120   1.6e-15   57.6   0.3   1   1   3.6e-17   2.5e-15   57.0   0.3     2   119   189   315   188   316 0.88 GPALLIND_015081
GPALLIND_002842-T2   -            254 SPRY                 PF00622.28   120   1.7e-15   57.6   0.1   1   1   3.4e-17   2.3e-15   57.1   0.1     2   119   119   242   118   243 0.88 GPALLIND_002842
GPALLIND_016975-T1   -            162 SPRY                 PF00622.28   120   2.1e-15   57.2   0.1   1   1   3.9e-17   2.7e-15   56.9   0.1    11   119    36   153    27   154 0.76 GPALLIND_016975
GPALLIND_015271-T1   -            238 SPRY                 PF00622.28   120   2.3e-15   57.1   0.1   1   1   4.9e-17   3.4e-15   56.6   0.1     3   119   105   228   103   229 0.82 GPALLIND_015271
GPALLIND_019316-T2   -            500 SPRY                 PF00622.28   120   2.9e-15   56.8   0.1   1   1   7.8e-17   5.4e-15   55.9   0.1     2   118   365   489   364   491 0.80 GPALLIND_019316
GPALLIND_001833-T1   -            327 SPRY                 PF00622.28   120   2.9e-15   56.8   0.0   1   1   7.3e-17     5e-15   56.0   0.0     2   119   161   285   160   286 0.84 GPALLIND_001833
GPALLIND_002842-T1   -            351 SPRY                 PF00622.28   120     3e-15   56.7   0.1   1   1   7.2e-17   4.9e-15   56.0   0.1     2   119   216   339   215   340 0.88 GPALLIND_002842
GPALLIND_019462-T1   -            463 SPRY                 PF00622.28   120   3.1e-15   56.7   0.1   1   1   7.2e-17   4.9e-15   56.0   0.1     1   119   328   452   328   453 0.81 GPALLIND_019462
GPALLIND_005439-T1   -            286 SPRY                 PF00622.28   120   3.2e-15   56.6   2.7   1   1   4.7e-17   3.2e-15   56.6   0.0     1   119   153   280   153   281 0.77 GPALLIND_005439
GPALLIND_004910-T1   -            439 SPRY                 PF00622.28   120   3.2e-15   56.6   0.0   1   1   1.1e-16   7.6e-15   55.4   0.0     2   119   306   427   305   428 0.82 GPALLIND_004910
GPALLIND_019918-T1   -            188 SPRY                 PF00622.28   120   3.2e-15   56.6   0.0   1   1   7.3e-17     5e-15   56.0   0.0    14   119    72   178    64   179 0.90 GPALLIND_019918
GPALLIND_019316-T1   -            536 SPRY                 PF00622.28   120   3.3e-15   56.6   0.1   1   1   8.9e-17   6.1e-15   55.7   0.1     2   118   401   525   400   527 0.80 GPALLIND_019316
GPALLIND_012966-T1   -            453 SPRY                 PF00622.28   120   3.4e-15   56.6   0.0   1   1   7.5e-17   5.2e-15   56.0   0.0     1   119   316   442   316   443 0.80 GPALLIND_012966
GPALLIND_016474-T1   -            385 SPRY                 PF00622.28   120   4.1e-15   56.3   0.2   1   1   1.5e-16     1e-14   55.0   0.1     2   118   256   376   255   378 0.84 GPALLIND_016474
GPALLIND_006063-T1   -            243 SPRY                 PF00622.28   120   4.3e-15   56.2   0.0   1   1   8.5e-17   5.8e-15   55.8   0.0     1   119   103   226   103   227 0.84 GPALLIND_006063
GPALLIND_019968-T1   -            382 SPRY                 PF00622.28   120   5.2e-15   56.0   0.1   1   1   1.2e-16   8.5e-15   55.3   0.1     2   116   193   310   192   315 0.83 GPALLIND_019968
GPALLIND_019315-T1   -            236 SPRY                 PF00622.28   120   5.2e-15   56.0   0.0   1   1   1.2e-16   8.3e-15   55.3   0.0     3   118   105   227   103   229 0.81 GPALLIND_019315
GPALLIND_016471-T1   -            325 SPRY                 PF00622.28   120   5.5e-15   55.9   0.0   1   1   1.4e-16   9.9e-15   55.1   0.0     3   118   197   318   195   320 0.81 GPALLIND_016471
GPALLIND_016482-T1   -            197 SPRY                 PF00622.28   120   6.3e-15   55.7   0.1   1   1   1.6e-16   1.1e-14   54.9   0.1     3   119    64   187    62   188 0.81 GPALLIND_016482
GPALLIND_009436-T1   -            147 SPRY                 PF00622.28   120   6.3e-15   55.7   0.1   1   1   1.3e-16   8.7e-15   55.2   0.1     2    92    39   135    38   144 0.78 GPALLIND_009436
GPALLIND_013262-T1   -            256 SPRY                 PF00622.28   120   6.5e-15   55.6   0.2   1   1   4.3e-16     3e-14   53.5   0.0     1   119   124   250   124   251 0.76 GPALLIND_013262
GPALLIND_015105-T1   -            281 SPRY                 PF00622.28   120   9.7e-15   55.1   0.0   1   1   2.1e-16   1.4e-14   54.6   0.0     7   118   155   270   151   272 0.85 GPALLIND_015105
GPALLIND_016490-T1   -            237 SPRY                 PF00622.28   120     1e-14   55.0   0.1   1   1   2.2e-16   1.5e-14   54.4   0.1     3   118   107   230   105   232 0.78 GPALLIND_016490
GPALLIND_015094-T1   -            339 SPRY                 PF00622.28   120     1e-14   55.0   0.1   1   1   2.4e-16   1.6e-14   54.4   0.1     2   114   162   276   161   281 0.90 GPALLIND_015094
GPALLIND_002822-T1   -            424 SPRY                 PF00622.28   120   1.1e-14   54.9   0.1   1   1   2.8e-16   1.9e-14   54.1   0.1    12   119   297   413   291   414 0.78 GPALLIND_002822
GPALLIND_003507-T1   -            385 SPRY                 PF00622.28   120   1.1e-14   54.9   0.1   1   1   2.9e-16     2e-14   54.1   0.1     1   119   253   378   253   379 0.89 GPALLIND_003507
GPALLIND_021068-T2   -            228 SPRY                 PF00622.28   120   1.2e-14   54.8   0.1   1   1   2.4e-16   1.7e-14   54.3   0.1     2   118    93   217    92   219 0.88 GPALLIND_021068
GPALLIND_012806-T1   -            259 SPRY                 PF00622.28   120   1.2e-14   54.8   0.2   1   1   2.5e-16   1.7e-14   54.3   0.2     2   119   119   246   118   247 0.74 GPALLIND_012806
GPALLIND_016478-T1   -            426 SPRY                 PF00622.28   120   1.3e-14   54.7   0.2   1   1   3.9e-16   2.7e-14   53.6   0.2     1   119   294   420   294   421 0.79 GPALLIND_016478
GPALLIND_012972-T1   -            244 SPRY                 PF00622.28   120   1.7e-14   54.3   0.5   1   1   3.6e-16   2.5e-14   53.8   0.5     1   119   106   232   106   233 0.82 GPALLIND_012972
GPALLIND_001973-T1   -            372 SPRY                 PF00622.28   120   1.8e-14   54.2   0.0   1   1   5.1e-16   3.5e-14   53.3   0.0     2    89   254   339   253   353 0.88 GPALLIND_001973
GPALLIND_021068-T1   -            312 SPRY                 PF00622.28   120   1.9e-14   54.1   0.1   1   1   5.3e-16   3.6e-14   53.2   0.1     2   118   177   301   176   303 0.88 GPALLIND_021068
GPALLIND_004169-T1   -            599 SPRY                 PF00622.28   120   2.2e-14   53.9   0.1   1   1   1.1e-15   7.2e-14   52.3   0.0     1   119   460   588   460   589 0.78 GPALLIND_004169
GPALLIND_016456-T1   -            512 SPRY                 PF00622.28   120   2.3e-14   53.9   0.1   1   1   7.9e-16   5.4e-14   52.7   0.1     2   112   186   304   185   311 0.80 GPALLIND_016456
GPALLIND_016418-T1   -            373 SPRY                 PF00622.28   120   2.4e-14   53.8   0.3   1   1   7.3e-16     5e-14   52.8   0.3     1   118   203   327   203   329 0.83 GPALLIND_016418
GPALLIND_009434-T1   -            478 SPRY                 PF00622.28   120   2.6e-14   53.7   0.0   1   1   1.1e-15   7.5e-14   52.2   0.0     2    92   370   466   369   475 0.81 GPALLIND_009434
GPALLIND_012636-T1   -            330 SPRY                 PF00622.28   120   2.7e-14   53.7   0.2   1   1   1.4e-15   9.8e-14   51.8   0.2     2   118   179   323   178   325 0.80 GPALLIND_012636
GPALLIND_004898-T1   -            163 SPRY                 PF00622.28   120   3.4e-14   53.3   0.0   1   1   6.6e-16   4.5e-14   52.9   0.0     9   118    34   155    29   157 0.88 GPALLIND_004898
GPALLIND_015347-T1   -            270 SPRY                 PF00622.28   120   3.6e-14   53.2   0.0   1   1   8.8e-16     6e-14   52.5   0.0     2    94   140   234   139   241 0.80 GPALLIND_015347
GPALLIND_005300-T1   -            357 SPRY                 PF00622.28   120   3.7e-14   53.2   0.2   1   1   1.1e-15   7.4e-14   52.2   0.2     1   118   222   341   222   343 0.86 GPALLIND_005300
GPALLIND_005434-T2   -            327 SPRY                 PF00622.28   120   3.7e-14   53.2   0.1   1   1   1.7e-15   1.2e-13   51.6   0.1     1    90   230   324   230   326 0.83 GPALLIND_005434
GPALLIND_001780-T1   -            309 SPRY                 PF00622.28   120   4.5e-14   52.9   0.0   1   1   1.2e-15   8.4e-14   52.1   0.0     2   119   178   306   177   307 0.78 GPALLIND_001780
GPALLIND_005434-T3   -            371 SPRY                 PF00622.28   120   4.7e-14   52.9   0.1   1   1   2.1e-15   1.5e-13   51.3   0.1     1    90   274   368   274   370 0.83 GPALLIND_005434
GPALLIND_021991-T1   -            481 SPRY                 PF00622.28   120   4.7e-14   52.9   0.0   1   1   1.7e-15   1.2e-13   51.6   0.0     1   118   348   474   348   476 0.85 GPALLIND_021991
GPALLIND_016986-T1   -            329 SPRY                 PF00622.28   120   4.7e-14   52.9   1.5   1   1   1.2e-15   8.5e-14   52.0   0.0     1    92   231   329   231   329 0.79 GPALLIND_016986
GPALLIND_010032-T1   -            194 SPRY                 PF00622.28   120   6.5e-14   52.4   0.3   1   1   1.3e-15     9e-14   52.0   0.3     1   107    70   187    70   193 0.81 GPALLIND_010032
GPALLIND_016464-T1   -            184 SPRY                 PF00622.28   120     8e-14   52.1   0.1   1   1   2.2e-15   1.5e-13   51.2   0.1     2    90    87   181    86   183 0.74 GPALLIND_016464
GPALLIND_012838-T1   -            477 SPRY                 PF00622.28   120   8.6e-14   52.0   0.2   1   1   3.9e-15   2.7e-13   50.4   0.1     1   118   350   476   350   477 0.82 GPALLIND_012838
GPALLIND_014989-T1   -            410 SPRY                 PF00622.28   120   8.7e-14   52.0   0.1   1   1   1.9e-15   1.3e-13   51.5   0.1     1   119   271   397   271   398 0.84 GPALLIND_014989
GPALLIND_022041-T1   -            280 SPRY                 PF00622.28   120     1e-13   51.8   0.0   1   1   4.4e-15     3e-13   50.3   0.0     3   119    94   217    92   218 0.84 GPALLIND_022041
GPALLIND_016851-T1   -            205 SPRY                 PF00622.28   120   1.1e-13   51.6   0.1   1   1   2.2e-15   1.5e-13   51.2   0.1     1   117    73   182    73   185 0.87 GPALLIND_016851
GPALLIND_011153-T1   -            466 SPRY                 PF00622.28   120   1.3e-13   51.5   0.0   1   1   3.7e-15   2.5e-13   50.5   0.0     1   119   331   460   331   461 0.82 GPALLIND_011153
GPALLIND_003476-T1   -            296 SPRY                 PF00622.28   120   1.3e-13   51.4   0.0   1   1   3.2e-15   2.2e-13   50.7   0.0     2    90   207   291   206   294 0.94 GPALLIND_003476
GPALLIND_014955-T1   -           1387 SPRY                 PF00622.28   120   1.4e-13   51.4   0.5   1   1   5.8e-15     4e-13   49.9   0.5     1   118   356   478   356   480 0.80 GPALLIND_014955
GPALLIND_003383-T1   -            268 SPRY                 PF00622.28   120   1.4e-13   51.4   0.1   1   1   3.6e-15   2.4e-13   50.6   0.1     1   114   134   253   134   259 0.71 GPALLIND_003383
GPALLIND_016416-T1   -            606 SPRY                 PF00622.28   120   1.4e-13   51.3   0.2   1   1     2e-15   1.4e-13   51.3   0.2     1   118   472   598   472   600 0.84 GPALLIND_016416
GPALLIND_007149-T1   -            625 SPRY                 PF00622.28   120   1.5e-13   51.3   0.0   1   1   6.1e-15   4.2e-13   49.8   0.0     1   119   491   619   491   620 0.81 GPALLIND_007149
GPALLIND_002655-T1   -            264 SPRY                 PF00622.28   120   1.6e-13   51.2   0.1   1   1   4.7e-15   3.3e-13   50.2   0.1    13   119   143   258   132   259 0.82 GPALLIND_002655
GPALLIND_013205-T1   -            496 SPRY                 PF00622.28   120   1.8e-13   51.0   0.0   1   1   7.8e-15   5.3e-13   49.5   0.0     1   119   359   485   359   486 0.84 GPALLIND_013205
GPALLIND_001803-T1   -            447 SPRY                 PF00622.28   120   1.8e-13   51.0   0.6   1   1   1.8e-14   1.2e-12   48.3   0.1     1    92   285   384   285   398 0.79 GPALLIND_001803
GPALLIND_018471-T1   -            484 SPRY                 PF00622.28   120   1.9e-13   50.9   0.0   1   1   5.6e-15   3.9e-13   49.9   0.0     2   118   349   468   348   470 0.84 GPALLIND_018471
GPALLIND_018242-T1   -            351 SPRY                 PF00622.28   120   2.2e-13   50.7   0.0   1   1   6.4e-15   4.4e-13   49.7   0.0     1   104   210   320   210   331 0.75 GPALLIND_018242
GPALLIND_015700-T1   -            320 SPRY                 PF00622.28   120   2.2e-13   50.7   0.0   1   1     5e-15   3.4e-13   50.1   0.0     2   119   160   280   159   281 0.86 GPALLIND_015700
GPALLIND_014964-T1   -            393 SPRY                 PF00622.28   120   2.5e-13   50.5   0.0   1   1   7.4e-15   5.1e-13   49.5   0.0     1   118   259   387   259   389 0.82 GPALLIND_014964
GPALLIND_015604-T1   -            306 SPRY                 PF00622.28   120   2.8e-13   50.4   0.0   1   1   7.9e-15   5.4e-13   49.4   0.0    15   119   189   296   184   297 0.87 GPALLIND_015604
GPALLIND_021420-T1   -            407 SPRY                 PF00622.28   120   2.9e-13   50.3   0.2   1   1   8.9e-15   6.1e-13   49.3   0.2     1    91   273   369   273   382 0.84 GPALLIND_021420
GPALLIND_015791-T1   -            131 SPRY                 PF00622.28   120   3.3e-13   50.1   0.0   1   1   5.9e-15   4.1e-13   49.8   0.0    25   119    26   121    21   122 0.83 GPALLIND_015791
GPALLIND_013246-T1   -            314 SPRY                 PF00622.28   120   3.9e-13   49.9   0.0   1   1     8e-15   5.5e-13   49.4   0.0     1   118   157   302   157   304 0.90 GPALLIND_013246
GPALLIND_002440-T1   -            304 SPRY                 PF00622.28   120   5.2e-13   49.5   0.0   1   1   1.1e-14   7.7e-13   49.0   0.0     1   118   167   292   167   294 0.83 GPALLIND_002440
GPALLIND_020025-T1   -            457 SPRY                 PF00622.28   120   6.9e-13   49.1   0.0   1   1   2.1e-14   1.4e-12   48.1   0.0     2   119   320   446   319   447 0.79 GPALLIND_020025
GPALLIND_015213-T1   -            187 SPRY                 PF00622.28   120   8.6e-13   48.8   0.0   1   1   1.7e-14   1.1e-12   48.4   0.0    13   118    54   169    43   171 0.80 GPALLIND_015213
GPALLIND_018540-T1   -            522 SPRY                 PF00622.28   120     9e-13   48.7   0.0   1   1   2.6e-14   1.8e-12   47.8   0.0     2   119   389   512   388   513 0.81 GPALLIND_018540
GPALLIND_015667-T1   -            406 SPRY                 PF00622.28   120     1e-12   48.5   0.2   1   1   3.6e-14   2.4e-12   47.3   0.1     1   118   261   388   261   390 0.81 GPALLIND_015667
GPALLIND_014999-T1   -            176 SPRY                 PF00622.28   120     1e-12   48.5   1.2   1   1     2e-14   1.4e-12   48.1   0.1    11   118    30   147    18   149 0.75 GPALLIND_014999
GPALLIND_013243-T1   -            592 SPRY                 PF00622.28   120   1.1e-12   48.4   0.1   1   1   4.3e-14     3e-12   47.1   0.0     1   118   447   578   447   580 0.75 GPALLIND_013243
GPALLIND_014900-T1   -            256 SPRY                 PF00622.28   120   1.2e-12   48.4   0.2   1   1   2.2e-14   1.5e-12   48.0   0.2     1   119   118   240   118   241 0.86 GPALLIND_014900
GPALLIND_001742-T1   -            191 SPRY                 PF00622.28   120   1.8e-12   47.7   0.0   1   1   4.2e-14   2.9e-12   47.1   0.0    29   118    84   184    14   186 0.81 GPALLIND_001742
GPALLIND_015738-T1   -            255 SPRY                 PF00622.28   120   2.1e-12   47.5   0.1   1   1   4.5e-14   3.1e-12   47.0   0.1    14   119   131   244   121   245 0.86 GPALLIND_015738
GPALLIND_015077-T1   -            176 SPRY                 PF00622.28   120   2.2e-12   47.5   0.7   1   1   4.5e-14   3.1e-12   47.0   0.7     3    94    68   158    66   164 0.91 GPALLIND_015077
GPALLIND_016607-T1   -            309 SPRY                 PF00622.28   120   2.5e-12   47.3   1.4   1   1   5.9e-14     4e-12   46.6   0.1     1    92   198   296   198   306 0.84 GPALLIND_016607
GPALLIND_019972-T1   -            442 SPRY                 PF00622.28   120   2.7e-12   47.2   0.0   1   1   7.1e-14   4.9e-12   46.4   0.0     1    90   314   406   314   433 0.87 GPALLIND_019972
GPALLIND_018459-T1   -            253 SPRY                 PF00622.28   120   2.8e-12   47.1   0.0   1   1     6e-14   4.1e-12   46.6   0.0    34   118   156   242   137   244 0.86 GPALLIND_018459
GPALLIND_000932-T1   -           1291 SPRY                 PF00622.28   120     3e-12   47.0   0.0   1   1   1.5e-13     1e-11   45.4   0.0    11   118   987  1090   979  1092 0.91 GPALLIND_000932
GPALLIND_009993-T1   -            353 SPRY                 PF00622.28   120   3.5e-12   46.8   0.0   1   1   7.8e-14   5.4e-12   46.2   0.0     2   115   188   297   187   304 0.81 GPALLIND_009993
GPALLIND_011005-T1   -            117 SPRY                 PF00622.28   120   3.9e-12   46.7   0.0   1   1   7.6e-14   5.2e-12   46.3   0.0    52   119    35   104     3   105 0.71 GPALLIND_011005
GPALLIND_014899-T1   -            558 SPRY                 PF00622.28   120   4.3e-12   46.5   0.0   1   1   1.1e-13   7.7e-12   45.7   0.0    36   119   139   222   111   223 0.78 GPALLIND_014899
GPALLIND_002334-T1   -            797 SPRY                 PF00622.28   120   6.1e-12   46.0   0.0   1   1   1.5e-13     1e-11   45.3   0.0     1   116   666   784   666   788 0.85 GPALLIND_002334
GPALLIND_022042-T1   -            107 SPRY                 PF00622.28   120   6.6e-12   45.9   0.0   1   1   1.2e-13   8.5e-12   45.6   0.0    36   117    10   101     4   103 0.80 GPALLIND_022042
GPALLIND_015586-T1   -            379 SPRY                 PF00622.28   120     9e-12   45.5   0.0   1   1   2.3e-13   1.6e-11   44.7   0.0     1   118   239   368   239   370 0.73 GPALLIND_015586
GPALLIND_018469-T1   -            267 SPRY                 PF00622.28   120   1.1e-11   45.2   0.0   1   1   3.7e-13   2.5e-11   44.1   0.0     2   118   138   251   137   253 0.89 GPALLIND_018469
GPALLIND_009443-T1   -            651 SPRY                 PF00622.28   120   1.3e-11   45.0   0.1   1   1   8.6e-13   5.9e-11   42.9   0.0     3   106   348   458   346   470 0.81 GPALLIND_009443
GPALLIND_012980-T1   -            533 SPRY                 PF00622.28   120   1.4e-11   44.9   0.1   1   1   5.1e-13   3.5e-11   43.6   0.1     2    90   433   528   432   530 0.82 GPALLIND_012980
GPALLIND_011010-T1   -            415 SPRY                 PF00622.28   120   1.5e-11   44.8   0.2   1   1     4e-13   2.7e-11   43.9   0.2    13   118   288   401   280   403 0.77 GPALLIND_011010
GPALLIND_016513-T1   -            341 SPRY                 PF00622.28   120   1.7e-11   44.6   0.1   1   1   6.2e-13   4.3e-11   43.3   0.0    16   119   230   337   224   338 0.83 GPALLIND_016513
GPALLIND_009113-T1   -            220 SPRY                 PF00622.28   120   1.8e-11   44.5   0.1   1   1   4.5e-13   3.1e-11   43.8   0.1    14   119    95   209    91   210 0.79 GPALLIND_009113
GPALLIND_021941-T1   -            149 SPRY                 PF00622.28   120   1.9e-11   44.5   0.0   1   1   4.6e-13   3.1e-11   43.8   0.0    14    92    45   130    39   145 0.81 GPALLIND_021941
GPALLIND_009462-T1   -            218 SPRY                 PF00622.28   120   2.2e-11   44.3   0.6   1   1   5.2e-13   3.6e-11   43.6   0.6     2    91   115   212   114   218 0.78 GPALLIND_009462
GPALLIND_014941-T1   -            110 SPRY                 PF00622.28   120   2.2e-11   44.2   0.0   1   1   3.7e-13   2.6e-11   44.0   0.0    39   119    22   102     4   103 0.78 GPALLIND_014941
GPALLIND_021995-T1   -            146 SPRY                 PF00622.28   120   2.4e-11   44.1   0.1   1   1   4.7e-13   3.2e-11   43.7   0.1     2    89    54   146    53   146 0.78 GPALLIND_021995
GPALLIND_010818-T1   -            333 SPRY                 PF00622.28   120   2.7e-11   44.0   0.0   1   1     7e-13   4.8e-11   43.2   0.0    31   118   228   326   205   328 0.75 GPALLIND_010818
GPALLIND_018243-T1   -            110 SPRY                 PF00622.28   120     3e-11   43.8   0.0   1   1   5.3e-13   3.6e-11   43.5   0.0    62   119    27    86     5    87 0.88 GPALLIND_018243
GPALLIND_003194-T1   -            291 SPRY                 PF00622.28   120   3.6e-11   43.5   0.0   1   1   1.1e-12   7.7e-11   42.5   0.0     2    91   198   288   197   289 0.83 GPALLIND_003194
GPALLIND_021397-T1   -            387 SPRY                 PF00622.28   120   3.7e-11   43.5   0.2   1   1   9.6e-13   6.6e-11   42.7   0.2    16   119   266   377   263   378 0.79 GPALLIND_021397
GPALLIND_011156-T1   -            242 SPRY                 PF00622.28   120   4.2e-11   43.3   0.0   1   1   9.9e-13   6.8e-11   42.7   0.0    51   119   163   236   119   237 0.83 GPALLIND_011156
GPALLIND_016518-T1   -            679 SPRY                 PF00622.28   120   4.4e-11   43.3   0.0   1   1   2.1e-12   1.5e-10   41.6   0.0    16   119   233   345   230   346 0.87 GPALLIND_016518
GPALLIND_004091-T1   -            170 SPRY                 PF00622.28   120   4.5e-11   43.3   0.2   1   1     2e-11   1.4e-09   38.5   0.2     1   107    76   169    76   170 0.82 GPALLIND_004091
GPALLIND_004928-T1   -            407 SPRY                 PF00622.28   120     6e-11   42.8   0.0   1   1   1.9e-12   1.3e-10   41.7   0.0     1    85   266   357   266   365 0.83 GPALLIND_004928
GPALLIND_004558-T1   -            108 SPRY                 PF00622.28   120   6.4e-11   42.8   0.0   1   1   1.1e-12   7.2e-11   42.6   0.0    62   118    43   101     2   103 0.82 GPALLIND_004558
GPALLIND_003382-T1   -            110 SPRY                 PF00622.28   120   7.5e-11   42.5   0.0   1   1   1.3e-12   8.6e-11   42.3   0.0    36   119    10   104     2   105 0.74 GPALLIND_003382
GPALLIND_013815-T1   -            105 SPRY                 PF00622.28   120     9e-11   42.3   0.0   1   1   1.5e-12   1.1e-10   42.1   0.0    55   120    24    92     6    92 0.82 GPALLIND_013815
GPALLIND_010848-T1   -            524 SPRY                 PF00622.28   120     1e-10   42.1   0.0   1   1   3.6e-12   2.5e-10   40.8   0.0    15   112   394   502   383   509 0.77 GPALLIND_010848
GPALLIND_021067-T1   -            105 SPRY                 PF00622.28   120   1.3e-10   41.8   0.0   1   1   2.1e-12   1.5e-10   41.6   0.0    33   118     7    98     3   100 0.88 GPALLIND_021067
GPALLIND_011151-T1   -            436 SPRY                 PF00622.28   120   1.3e-10   41.8   0.1   1   1   3.9e-12   2.7e-10   40.7   0.1     1   119   303   430   303   431 0.79 GPALLIND_011151
GPALLIND_012969-T1   -            422 SPRY                 PF00622.28   120   1.3e-10   41.8   0.0   1   1   3.5e-12   2.4e-10   40.9   0.0    34   119   316   411   297   412 0.77 GPALLIND_012969
GPALLIND_016980-T1   -            147 SPRY                 PF00622.28   120   1.4e-10   41.6   0.0   1   1   2.3e-12   1.6e-10   41.5   0.0    59   119    79   141    15   142 0.83 GPALLIND_016980
GPALLIND_012461-T1   -            199 SPRY                 PF00622.28   120   1.5e-10   41.6   0.1   1   1   3.6e-12   2.5e-10   40.9   0.1     3    86   100   190    98   195 0.73 GPALLIND_012461
GPALLIND_006064-T1   -            399 SPRY                 PF00622.28   120   1.5e-10   41.6   0.4   1   1   3.8e-12   2.6e-10   40.8   0.4     2   118   267   390   266   392 0.78 GPALLIND_006064
GPALLIND_016468-T1   -            312 SPRY                 PF00622.28   120   1.6e-10   41.5   0.1   1   1   4.4e-12     3e-10   40.6   0.1    34   119   219   306   158   307 0.79 GPALLIND_016468
GPALLIND_014977-T1   -            488 SPRY                 PF00622.28   120   1.9e-10   41.2   0.2   1   1     7e-12   4.8e-10   39.9   0.2     1    92   380   476   380   485 0.78 GPALLIND_014977
GPALLIND_002608-T1   -            212 SPRY                 PF00622.28   120   3.1e-10   40.5   0.1   1   1   7.3e-12     5e-10   39.9   0.1     1    90   114   209   114   211 0.76 GPALLIND_002608
GPALLIND_021990-T1   -            743 SPRY                 PF00622.28   120   3.2e-10   40.5   0.1   1   1   4.7e-12   3.2e-10   40.5   0.1     1    89   649   743   649   743 0.84 GPALLIND_021990
GPALLIND_009455-T1   -            414 SPRY                 PF00622.28   120   3.5e-10   40.4   0.0   1   1     1e-11   7.1e-10   39.4   0.0    59   119   343   406   233   407 0.78 GPALLIND_009455
GPALLIND_020106-T1   -            184 SPRY                 PF00622.28   120   4.1e-10   40.2   0.1   1   1   9.5e-12   6.5e-10   39.5   0.1     1    98    20   123    20   129 0.73 GPALLIND_020106
GPALLIND_018492-T1   -            119 SPRY                 PF00622.28   120   5.1e-10   39.8   0.1   1   1     9e-12   6.1e-10   39.6   0.1    37   119    11   103     3   104 0.70 GPALLIND_018492
GPALLIND_009439-T1   -            104 SPRY                 PF00622.28   120     6e-10   39.6   0.0   1   1   9.6e-12   6.6e-10   39.5   0.0    54   118    31    97     6    99 0.81 GPALLIND_009439
GPALLIND_018450-T1   -            106 SPRY                 PF00622.28   120     7e-10   39.4   0.0   1   1   1.2e-11   8.5e-10   39.1   0.0    34   119     8    96     3    97 0.81 GPALLIND_018450
GPALLIND_016495-T1   -            371 SPRY                 PF00622.28   120   7.5e-10   39.3   0.1   1   1   2.1e-11   1.4e-09   38.4   0.1     2   117   237   359   236   362 0.73 GPALLIND_016495
GPALLIND_021288-T1   -            173 SPRY                 PF00622.28   120   1.4e-09   38.4   0.3   1   1     3e-11     2e-09   37.9   0.3     1    78    75   158    75   168 0.77 GPALLIND_021288
GPALLIND_009996-T1   -            310 SPRY                 PF00622.28   120   1.7e-09   38.2   0.0   1   1   4.7e-11   3.3e-09   37.2   0.0    15   115   200   295   195   302 0.80 GPALLIND_009996
GPALLIND_015587-T1   -            405 SPRY                 PF00622.28   120   1.9e-09   38.0   0.1   1   1   5.4e-11   3.7e-09   37.1   0.1    12   119   275   395   259   396 0.66 GPALLIND_015587
GPALLIND_016498-T1   -            107 SPRY                 PF00622.28   120   2.1e-09   37.8   0.1   1   1   3.7e-11   2.5e-09   37.6   0.1    40   118    23   100     4   102 0.79 GPALLIND_016498
GPALLIND_015594-T1   -            128 SPRY                 PF00622.28   120   2.3e-09   37.7   0.1   1   1   6.3e-11   4.3e-09   36.9   0.1    18   118     8   117     5   119 0.83 GPALLIND_015594
GPALLIND_013105-T1   -            409 SPRY                 PF00622.28   120   2.5e-09   37.6   0.0   1   1   6.6e-11   4.6e-09   36.8   0.0    51   119   327   395   282   396 0.81 GPALLIND_013105
GPALLIND_018545-T1   -            399 SPRY                 PF00622.28   120   2.9e-09   37.4   0.3   1   1   1.6e-10   1.1e-08   35.6   0.2    53   119   320   389   131   390 0.82 GPALLIND_018545
GPALLIND_013252-T1   -            476 SPRY                 PF00622.28   120   2.9e-09   37.4   0.1   1   1   1.9e-10   1.3e-08   35.3   0.1    59   118   381   442   310   443 0.83 GPALLIND_013252
GPALLIND_004855-T1   -            426 SPRY                 PF00622.28   120   3.4e-09   37.2   0.3   1   1   4.9e-11   3.4e-09   37.2   0.3    12    92   298   384   292   387 0.78 GPALLIND_004855
GPALLIND_003303-T1   -             73 SPRY                 PF00622.28   120   3.4e-09   37.2   0.0   1   1     6e-11   4.1e-09   36.9   0.0    63   119     4    63     2    64 0.87 GPALLIND_003303
GPALLIND_001832-T1   -             87 SPRY                 PF00622.28   120   3.6e-09   37.1   0.0   1   1     7e-11   4.8e-09   36.7   0.0    15    89     3    85     1    87 0.75 GPALLIND_001832
GPALLIND_018456-T1   -            168 SPRY                 PF00622.28   120   3.7e-09   37.1   0.1   1   1     8e-11   5.5e-09   36.5   0.1    46   119    85   159     1   160 0.78 GPALLIND_018456
GPALLIND_017999-T1   -            195 SPRY                 PF00622.28   120   4.5e-09   36.8   0.0   1   1     9e-11   6.2e-09   36.3   0.0     1    89    49   140    49   152 0.80 GPALLIND_017999
GPALLIND_022040-T1   -            166 SPRY                 PF00622.28   120   8.9e-09   35.8   0.0   1   1   2.1e-10   1.4e-08   35.2   0.0     3    83    74   160    72   164 0.80 GPALLIND_022040
GPALLIND_001648-T1   -            171 SPRY                 PF00622.28   120   1.1e-08   35.5   0.0   1   1     2e-10   1.3e-08   35.3   0.0    56   118   101   164    62   166 0.88 GPALLIND_001648
GPALLIND_011973-T1   -            118 SPRY                 PF00622.28   120   1.2e-08   35.4   0.0   1   1   2.1e-10   1.5e-08   35.2   0.0    45   117    39   110    25   113 0.84 GPALLIND_011973
GPALLIND_020104-T1   -            137 SPRY                 PF00622.28   120   1.2e-08   35.4   0.0   1   1   2.2e-10   1.5e-08   35.1   0.0    16   113    25   124    18   130 0.68 GPALLIND_020104
GPALLIND_009433-T1   -            358 SPRY                 PF00622.28   120   1.2e-08   35.4   0.0   1   1   2.4e-09   1.7e-07   31.7   0.0     3   118   232   347   230   349 0.71 GPALLIND_009433
GPALLIND_003029-T1   -            389 SPRY                 PF00622.28   120   1.3e-08   35.3   0.0   1   1   4.5e-10   3.1e-08   34.1   0.0    15    91    68   154    59   162 0.68 GPALLIND_003029
GPALLIND_004080-T1   -            330 SPRY                 PF00622.28   120   1.3e-08   35.3   0.3   1   1   4.6e-10   3.2e-08   34.1   0.3     2    77   238   319   237   326 0.67 GPALLIND_004080
GPALLIND_017900-T1   -            131 SPRY                 PF00622.28   120   1.7e-08   34.9   0.2   1   1   4.4e-10     3e-08   34.1   0.2    15   119     5   119     2   120 0.82 GPALLIND_017900
GPALLIND_016499-T1   -            134 SPRY                 PF00622.28   120   4.2e-08   33.7   0.0   1   1   8.3e-10   5.7e-08   33.2   0.0    64   118     5    61     2    63 0.89 GPALLIND_016499
GPALLIND_014953-T1   -            205 SPRY                 PF00622.28   120   6.7e-08   33.0   0.0   1   1   1.6e-09   1.1e-07   32.3   0.0     1    90   106   202   106   204 0.77 GPALLIND_014953
GPALLIND_012970-T1   -            534 SPRY                 PF00622.28   120   7.2e-08   32.9   0.4   1   1   2.2e-08   1.5e-06   28.7   0.0    16    90   449   529   434   531 0.72 GPALLIND_012970
GPALLIND_018554-T1   -            149 SPRY                 PF00622.28   120   7.8e-08   32.8   0.0   1   1   1.4e-09   9.6e-08   32.5   0.0     4   114    32   138    30   144 0.85 GPALLIND_018554
GPALLIND_015273-T1   -            217 SPRY                 PF00622.28   120   8.4e-08   32.7   0.0   1   1   1.7e-07   1.2e-05   25.8   0.0     3    71   105   179   103   182 0.85 GPALLIND_015273
GPALLIND_012448-T1   -            118 SPRY                 PF00622.28   120   8.8e-08   32.6   0.0   1   1   1.5e-09     1e-07   32.4   0.0    57   118    55   118     8   118 0.76 GPALLIND_012448
GPALLIND_011149-T1   -            466 SPRY                 PF00622.28   120   1.2e-07   32.1   0.3   1   1   4.1e-09   2.8e-07   31.0   0.3     1    86   337   428   337   450 0.77 GPALLIND_011149
GPALLIND_013242-T1   -            135 SPRY                 PF00622.28   120   1.3e-07   32.1   0.0   1   1     2e-09   1.4e-07   32.0   0.0    64   117    47   120     8   123 0.76 GPALLIND_013242
GPALLIND_015903-T1   -            169 SPRY                 PF00622.28   120   2.1e-07   31.4   0.0   1   1   3.7e-09   2.6e-07   31.1   0.0     2    87    39   122    38   162 0.84 GPALLIND_015903
GPALLIND_014659-T1   -            389 SPRY                 PF00622.28   120   2.4e-07   31.2   0.0   1   1   7.8e-09   5.3e-07   30.1   0.0     2    86   271   361   270   369 0.80 GPALLIND_014659
GPALLIND_009435-T1   -            556 SPRY                 PF00622.28   120     4e-07   30.5   0.3   1   1   2.3e-08   1.6e-06   28.6   0.3     1   119   413   551   413   552 0.77 GPALLIND_009435
GPALLIND_003160-T1   -            232 SPRY                 PF00622.28   120   4.5e-07   30.3   0.0   1   1   1.4e-08   9.9e-07   29.2   0.0    59    96    45    82    21    86 0.92 GPALLIND_003160
GPALLIND_019362-T1   -            342 SPRY                 PF00622.28   120   6.4e-07   29.8   0.0   1   1   4.2e-08   2.9e-06   27.7   0.0     2   108   173   304   172   315 0.70 GPALLIND_019362
GPALLIND_013265-T1   -            257 SPRY                 PF00622.28   120     7e-07   29.7   0.0   1   1   1.6e-08   1.1e-06   29.1   0.0    34   107   173   250   149   256 0.79 GPALLIND_013265
GPALLIND_019403-T1   -            434 SPRY                 PF00622.28   120   7.6e-07   29.6   0.2   1   1   2.5e-08   1.7e-06   28.5   0.2    23    90   361   431   344   433 0.75 GPALLIND_019403
GPALLIND_006480-T1   -            358 SPRY                 PF00622.28   120   1.3e-06   28.8   0.2   1   1   1.5e-07     1e-05   26.0   0.0     2   113    90   229    89   236 0.70 GPALLIND_006480
GPALLIND_013104-T1   -            162 SPRY                 PF00622.28   120   1.5e-06   28.7   0.1   1   1     3e-08     2e-06   28.2   0.1    34    87   108   161    83   162 0.76 GPALLIND_013104
GPALLIND_013239-T1   -            171 SPRY                 PF00622.28   120   1.6e-06   28.6   0.4   1   1   5.3e-08   3.6e-06   27.4   0.4    18    89   105   171    16   171 0.82 GPALLIND_013239
GPALLIND_022026-T1   -            108 SPRY                 PF00622.28   120   4.7e-06   27.1   0.1   1   1   8.1e-08   5.5e-06   26.8   0.1    38   118    12    94     4    96 0.85 GPALLIND_022026
GPALLIND_019914-T1   -            745 SPRY                 PF00622.28   120   5.9e-06   26.7   0.6   1   1   5.5e-07   3.7e-05   24.1   0.1     1    76   645   726   645   728 0.81 GPALLIND_019914
#
# Program:         hmmsearch
# Version:         3.1b2 (February 2015)
# Pipeline mode:   SEARCH
# Query file:      hmm
# Target file:     GPALLINDL_Lindley.proteins.fa
# Option settings: hmmsearch --domtblout Gp_newton_gene_vs_spry_domain.out --cut_ga hmm GPALLINDL_Lindley.proteins.fa 
# Current dir:     /storage/home/users/pjt6/project/lindley_finannoate_genes/lindley/update_results
# Date:            Fri May 29 12:46:03 2020
# [ok]
